\BOOKMARK [1][-]{section.1}{Abstract}{}% 1
\BOOKMARK [1][-]{section.2}{Background}{}% 2
\BOOKMARK [2][-]{subsection.2.1}{Prior\040Work}{section.2}% 3
\BOOKMARK [3][-]{subsubsection.2.1.1}{Data\040Processing}{subsection.2.1}% 4
\BOOKMARK [1][-]{section.3}{Results}{}% 5
\BOOKMARK [2][-]{subsection.3.1}{Repository\040Structure}{section.3}% 6
\BOOKMARK [1][-]{section.4}{Methods}{}% 7
\BOOKMARK [2][-]{subsection.4.1}{Data\040Acquisition}{section.4}% 8
\BOOKMARK [2][-]{subsection.4.2}{Computing\040Environments}{section.4}% 9
\BOOKMARK [2][-]{subsection.4.3}{YODA}{section.4}% 10
\BOOKMARK [2][-]{subsection.4.4}{Provenance}{section.4}% 11
\BOOKMARK [2][-]{subsection.4.5}{Paper\040figure\040reproducibility\040aspects}{section.4}% 12
\BOOKMARK [1][-]{section.5}{Discussion}{}% 13
\BOOKMARK [2][-]{subsection.5.1}{Strengths\040of\040the\040original\040article\040as\040a\040reexecution\040target}{section.5}% 14
\BOOKMARK [2][-]{subsection.5.2}{Challenges}{section.5}% 15
\BOOKMARK [2][-]{subsection.5.3}{Outlook}{section.5}% 16
\BOOKMARK [3][-]{subsubsection.5.3.1}{ReScience\040C\040&\040ReScience\040X}{subsection.5.3}% 17
\BOOKMARK [3][-]{subsubsection.5.3.2}{A\040new\040submission\040process}{subsection.5.3}% 18
\BOOKMARK [3][-]{subsubsection.5.3.3}{A\040simplified\040publishing\040process}{subsection.5.3}% 19
\BOOKMARK [3][-]{subsubsection.5.3.4}{A\040new\040design}{subsection.5.3}% 20
\BOOKMARK [3][-]{subsubsection.5.3.5}{Editorials,\040letters\040and\040special\040issues}{subsection.5.3}% 21
